0 info it worked if it ends with ok
1 verbose cli [ '/usr/bin/nodejs', '/usr/bin/npm', 'install', '-g', 'sass' ]
2 info using npm@4.1.1
3 info using node@v6.3.1
4 silly loadCurrentTree Starting
5 silly install loadCurrentTree
6 silly install readGlobalPackageData
7 silly fetchPackageMetaData sass
8 silly fetchNamedPackageData sass
9 silly mapToRegistry name sass
10 silly mapToRegistry using default registry
11 silly mapToRegistry registry https://registry.npmjs.org/
12 silly mapToRegistry data Result {
12 silly mapToRegistry   raw: 'sass',
12 silly mapToRegistry   scope: null,
12 silly mapToRegistry   escapedName: 'sass',
12 silly mapToRegistry   name: 'sass',
12 silly mapToRegistry   rawSpec: '',
12 silly mapToRegistry   spec: 'latest',
12 silly mapToRegistry   type: 'tag' }
13 silly mapToRegistry uri https://registry.npmjs.org/sass
14 verbose request uri https://registry.npmjs.org/sass
15 verbose request no auth needed
16 info attempt registry request try #1 at 1:47:11 PM
17 verbose request id afdd64358ce6da9c
18 http request GET https://registry.npmjs.org/sass
19 http 200 https://registry.npmjs.org/sass
20 verbose headers { server: 'nginx/1.10.1',
20 verbose headers   'content-type': 'application/json',
20 verbose headers   'last-modified': 'Tue, 29 Sep 2009 17:21:33 GMT',
20 verbose headers   etag: 'W/"4ac2421d-c0c"',
20 verbose headers   'content-encoding': 'gzip',
20 verbose headers   'cache-control': 'max-age=300',
20 verbose headers   'content-length': '796',
20 verbose headers   'accept-ranges': 'bytes',
20 verbose headers   date: 'Sun, 29 Jan 2017 16:47:11 GMT',
20 verbose headers   via: '1.1 varnish',
20 verbose headers   age: '0',
20 verbose headers   connection: 'keep-alive',
20 verbose headers   'x-served-by': 'cache-gru7120-GRU',
20 verbose headers   'x-cache': 'MISS',
20 verbose headers   'x-cache-hits': '0',
20 verbose headers   'x-timer': 'S1485708431.702067,VS0,VE225',
20 verbose headers   vary: 'Accept-Encoding' }
21 silly get cb [ 200,
21 silly get   { server: 'nginx/1.10.1',
21 silly get     'content-type': 'application/json',
21 silly get     'last-modified': 'Tue, 29 Sep 2009 17:21:33 GMT',
21 silly get     etag: 'W/"4ac2421d-c0c"',
21 silly get     'content-encoding': 'gzip',
21 silly get     'cache-control': 'max-age=300',
21 silly get     'content-length': '796',
21 silly get     'accept-ranges': 'bytes',
21 silly get     date: 'Sun, 29 Jan 2017 16:47:11 GMT',
21 silly get     via: '1.1 varnish',
21 silly get     age: '0',
21 silly get     connection: 'keep-alive',
21 silly get     'x-served-by': 'cache-gru7120-GRU',
21 silly get     'x-cache': 'MISS',
21 silly get     'x-cache-hits': '0',
21 silly get     'x-timer': 'S1485708431.702067,VS0,VE225',
21 silly get     vary: 'Accept-Encoding' } ]
22 verbose get saving sass to /home/felipe/.npm/registry.npmjs.org/sass/.cache.json
23 verbose correctMkdir /home/felipe/.npm correctMkdir not in flight; initializing
24 silly install normalizeTree
25 silly loadCurrentTree Finishing
26 silly loadIdealTree Starting
27 silly install loadIdealTree
28 silly cloneCurrentTree Starting
29 silly install cloneCurrentTreeToIdealTree
30 silly cloneCurrentTree Finishing
31 silly loadShrinkwrap Starting
32 silly install loadShrinkwrap
33 silly loadShrinkwrap Finishing
34 silly loadAllDepsIntoIdealTree Starting
35 silly install loadAllDepsIntoIdealTree
36 silly resolveWithNewModule sass@0.5.0 checking installable status
37 silly cache add args [ 'sass', null ]
38 verbose cache add spec sass
39 silly cache add parsed spec Result {
39 silly cache add   raw: 'sass',
39 silly cache add   scope: null,
39 silly cache add   escapedName: 'sass',
39 silly cache add   name: 'sass',
39 silly cache add   rawSpec: '',
39 silly cache add   spec: 'latest',
39 silly cache add   type: 'tag' }
40 silly addNamed sass@latest
41 verbose addNamed "latest" is being treated as a dist-tag for sass
42 info addNameTag [ 'sass', 'latest' ]
43 silly mapToRegistry name sass
44 silly mapToRegistry using default registry
45 silly mapToRegistry registry https://registry.npmjs.org/
46 silly mapToRegistry data Result {
46 silly mapToRegistry   raw: 'sass',
46 silly mapToRegistry   scope: null,
46 silly mapToRegistry   escapedName: 'sass',
46 silly mapToRegistry   name: 'sass',
46 silly mapToRegistry   rawSpec: '',
46 silly mapToRegistry   spec: 'latest',
46 silly mapToRegistry   type: 'tag' }
47 silly mapToRegistry uri https://registry.npmjs.org/sass
48 verbose addNameTag registry:https://registry.npmjs.org/sass not in flight; fetching
49 verbose get https://registry.npmjs.org/sass not expired, no request
50 silly addNameTag next cb for sass with tag latest
51 silly addNamed sass@0.5.0
52 verbose addNamed "0.5.0" is a plain semver version for sass
53 silly mapToRegistry name sass
54 silly mapToRegistry using default registry
55 silly mapToRegistry registry https://registry.npmjs.org/
56 silly mapToRegistry data Result {
56 silly mapToRegistry   raw: 'sass',
56 silly mapToRegistry   scope: null,
56 silly mapToRegistry   escapedName: 'sass',
56 silly mapToRegistry   name: 'sass',
56 silly mapToRegistry   rawSpec: '',
56 silly mapToRegistry   spec: 'latest',
56 silly mapToRegistry   type: 'tag' }
57 silly mapToRegistry uri https://registry.npmjs.org/sass
58 verbose addRemoteTarball https://registry.npmjs.org/sass/-/sass-0.5.0.tgz not in flight; adding
59 verbose addRemoteTarball [ 'https://registry.npmjs.org/sass/-/sass-0.5.0.tgz',
59 verbose addRemoteTarball   '9dee1183a0f400361f2c5d3453bf2e54705e03f9' ]
60 info retry fetch attempt 1 at 1:47:12 PM
61 info attempt registry request try #1 at 1:47:12 PM
62 http fetch GET https://registry.npmjs.org/sass/-/sass-0.5.0.tgz
63 http fetch 200 https://registry.npmjs.org/sass/-/sass-0.5.0.tgz
64 silly fetchAndShaCheck shasum 9dee1183a0f400361f2c5d3453bf2e54705e03f9
65 verbose addTmpTarball /tmp/npm-4052-3fd5ce3e/registry.npmjs.org/sass/-/sass-0.5.0.tgz not in flight; adding
66 verbose addTmpTarball already have metadata; skipping unpack for sass@0.5.0
67 verbose correctMkdir /home/felipe/.npm correctMkdir not in flight; initializing
68 silly cache afterAdd sass@0.5.0
69 verbose afterAdd /home/felipe/.npm/sass/0.5.0/package/package.json not in flight; writing
70 verbose correctMkdir /home/felipe/.npm correctMkdir not in flight; initializing
71 verbose afterAdd /home/felipe/.npm/sass/0.5.0/package/package.json written
72 silly loadAllDepsIntoIdealTree Finishing
73 silly loadIdealTree Finishing
74 silly currentTree lib
75 silly idealTree lib
75 silly idealTree └── sass@0.5.0
76 silly generateActionsToTake Starting
77 silly install generateActionsToTake
78 warn checkPermissions Missing write access to /usr/lib/node_modules
79 silly rollbackFailedOptional Starting
80 silly rollbackFailedOptional Finishing
81 silly runTopLevelLifecycles Finishing
82 silly install printInstalled
83 verbose stack Error: EACCES: permission denied, access '/usr/lib/node_modules'
83 verbose stack     at Error (native)
84 verbose cwd /home/felipe/Projects/CelerationCharts/materialize/sass
85 error Linux 4.4.0-2-deepin-amd64
86 error argv "/usr/bin/nodejs" "/usr/bin/npm" "install" "-g" "sass"
87 error node v6.3.1
88 error npm  v4.1.1
89 error path /usr/lib/node_modules
90 error code EACCES
91 error errno -13
92 error syscall access
93 error Error: EACCES: permission denied, access '/usr/lib/node_modules'
93 error     at Error (native)
93 error  { Error: EACCES: permission denied, access '/usr/lib/node_modules'
93 error     at Error (native)
93 error   errno: -13,
93 error   code: 'EACCES',
93 error   syscall: 'access',
93 error   path: '/usr/lib/node_modules' }
94 error Please try running this command again as root/Administrator.
95 verbose exit [ -13, true ]
